TN:
SF:src/services/user.service.ts
FN:19,userServiceFactory
FN:24,encryptPassword
FN:32,comparePasswords
FN:38,createJSONWebToken
FN:46,verifyJSONWebToken
FN:50,getAuthenticatedUser
FN:60,getAvatarURL
FNF:7
FNH:1
FNDA:3,userServiceFactory
FNDA:0,encryptPassword
FNDA:0,comparePasswords
FNDA:0,createJSONWebToken
FNDA:0,verifyJSONWebToken
FNDA:0,getAuthenticatedUser
FNDA:0,getAvatarURL
DA:1,1
DA:2,1
DA:3,1
DA:4,1
DA:5,1
DA:6,1
DA:7,1
DA:8,1
DA:9,1
DA:10,1
DA:11,1
DA:12,1
DA:13,1
DA:14,1
DA:15,1
DA:16,1
DA:17,1
DA:18,1
DA:19,3
DA:20,3
DA:21,3
DA:22,3
DA:23,3
DA:24,3
DA:25,0
DA:26,0
DA:27,0
DA:28,3
DA:29,3
DA:30,3
DA:31,3
DA:32,3
DA:33,0
DA:34,3
DA:35,3
DA:36,3
DA:37,3
DA:38,3
DA:39,0
DA:40,0
DA:41,0
DA:42,3
DA:43,3
DA:44,3
DA:45,3
DA:46,3
DA:47,0
DA:48,3
DA:49,3
DA:50,3
DA:51,0
DA:52,0
DA:53,0
DA:54,0
DA:55,0
DA:56,0
DA:57,0
DA:58,3
DA:59,3
DA:60,3
DA:61,0
DA:62,3
DA:63,3
DA:64,3
DA:65,1
DA:66,1
DA:67,1
DA:68,1
LF:68
LH:52
BRDA:19,0,0,3
BRF:1
BRH:1
end_of_record
